Build started 27/01/2015 20:37:22.
     1>Project "D:\WORK\4_GraphicsFramework\Graphics\Framework\Graphics For Games\5) Stencils & Scissors\Tutorial5.vcxproj" on node 3 (Rebuild target(s)).
     1>C:\Program Files (x86)\MSBuild\Microsoft.Cpp\v4.0\V120\Microsoft.CppBuild.targets(381,5): warning MSB8028: The intermediate directory (Debug\) contains files shared from another project (Tutorial5 - Scissors and Stencils.vcxproj).  This can lead to incorrect clean and rebuild behavior.
     1>ClCompile:
         C:\Program Files (x86)\Microsoft Visual Studio 12.0\VC\bin\CL.exe /c /ZI /nologo /W3 /WX- /Od /Oy- /D _MBCS /Gm /EHsc /RTC1 /MDd /GS /fp:precise /Zc:wchar_t /Zc:forScope /Fo"Debug\\" /Fd"Debug\vc120.pdb" /Gd /TP /analyze- /errorReport:prompt Renderer.cpp tutorial5.cpp
         tutorial5.cpp
         Renderer.cpp
     1>d:\work\4_graphicsframework\graphics\framework\graphics for games\5) stencils & scissors\renderer.cpp(32): warning C4244: 'argument' : conversion from 'float' to 'GLsizei', possible loss of data
     1>d:\work\4_graphicsframework\graphics\framework\graphics for games\5) stencils & scissors\renderer.cpp(32): warning C4244: 'argument' : conversion from 'float' to 'GLint', possible loss of data
         Generating Code...
       Link:
         C:\Program Files (x86)\Microsoft Visual Studio 12.0\VC\bin\link.exe /ERRORREPORT:PROMPT /OUT:"D:\WORK\4_GraphicsFramework\Graphics\Framework\Graphics For Games\Debug\Test_05_ScissorsAndStencils.exe" /INCREMENTAL /NOLOGO kernel32.lib user32.lib gdi32.lib winspool.lib comdlg32.lib advapi32.lib shell32.lib ole32.lib oleaut32.lib uuid.lib odbc32.lib odbccp32.lib /MANIFEST /MANIFESTUAC:"level='asInvoker' uiAccess='false'" /manifest:embed /DEBUG /PDB:"D:\WORK\4_GraphicsFramework\Graphics\Framework\Graphics For Games\Debug\Test_05_ScissorsAndStencils.pdb" /TLBID:1 /DYNAMICBASE /NXCOMPAT /IMPLIB:"D:\WORK\4_GraphicsFramework\Graphics\Framework\Graphics For Games\Debug\Test_05_ScissorsAndStencils.lib" /MACHINE:X86 Debug\Renderer.obj
         Debug\tutorial5.obj
     1>SOIL.lib(image_DXT.obj) : warning LNK4099: PDB 'vc100.pdb' was not found with 'SOIL.lib(image_DXT.obj)' or at 'D:\WORK\4_GraphicsFramework\Graphics\Framework\Graphics For Games\Debug\vc100.pdb'; linking object as if no debug info
     1>SOIL.lib(image_helper.obj) : warning LNK4099: PDB 'vc100.pdb' was not found with 'SOIL.lib(image_helper.obj)' or at 'D:\WORK\4_GraphicsFramework\Graphics\Framework\Graphics For Games\Debug\vc100.pdb'; linking object as if no debug info
     1>SOIL.lib(SOIL.obj) : warning LNK4099: PDB 'vc100.pdb' was not found with 'SOIL.lib(SOIL.obj)' or at 'D:\WORK\4_GraphicsFramework\Graphics\Framework\Graphics For Games\Debug\vc100.pdb'; linking object as if no debug info
     1>SOIL.lib(stb_image_aug.obj) : warning LNK4099: PDB 'vc100.pdb' was not found with 'SOIL.lib(stb_image_aug.obj)' or at 'D:\WORK\4_GraphicsFramework\Graphics\Framework\Graphics For Games\Debug\vc100.pdb'; linking object as if no debug info
     1>nclgl.lib(GameTimer.obj) : warning LNK4099: PDB 'vc120.pdb' was not found with 'nclgl.lib(GameTimer.obj)' or at 'D:\WORK\4_GraphicsFramework\Graphics\Framework\Graphics For Games\Debug\vc120.pdb'; linking object as if no debug info
     1>nclgl.lib(Keyboard.obj) : warning LNK4099: PDB 'vc120.pdb' was not found with 'nclgl.lib(Keyboard.obj)' or at 'D:\WORK\4_GraphicsFramework\Graphics\Framework\Graphics For Games\Debug\vc120.pdb'; linking object as if no debug info
     1>nclgl.lib(Matrix4.obj) : warning LNK4099: PDB 'vc120.pdb' was not found with 'nclgl.lib(Matrix4.obj)' or at 'D:\WORK\4_GraphicsFramework\Graphics\Framework\Graphics For Games\Debug\vc120.pdb'; linking object as if no debug info
     1>nclgl.lib(Mesh.obj) : warning LNK4099: PDB 'vc120.pdb' was not found with 'nclgl.lib(Mesh.obj)' or at 'D:\WORK\4_GraphicsFramework\Graphics\Framework\Graphics For Games\Debug\vc120.pdb'; linking object as if no debug info
     1>nclgl.lib(Mouse.obj) : warning LNK4099: PDB 'vc120.pdb' was not found with 'nclgl.lib(Mouse.obj)' or at 'D:\WORK\4_GraphicsFramework\Graphics\Framework\Graphics For Games\Debug\vc120.pdb'; linking object as if no debug info
     1>nclgl.lib(OGLRenderer.obj) : warning LNK4099: PDB 'vc120.pdb' was not found with 'nclgl.lib(OGLRenderer.obj)' or at 'D:\WORK\4_GraphicsFramework\Graphics\Framework\Graphics For Games\Debug\vc120.pdb'; linking object as if no debug info
     1>nclgl.lib(Shader.obj) : warning LNK4099: PDB 'vc120.pdb' was not found with 'nclgl.lib(Shader.obj)' or at 'D:\WORK\4_GraphicsFramework\Graphics\Framework\Graphics For Games\Debug\vc120.pdb'; linking object as if no debug info
     1>nclgl.lib(Window.obj) : warning LNK4099: PDB 'vc120.pdb' was not found with 'nclgl.lib(Window.obj)' or at 'D:\WORK\4_GraphicsFramework\Graphics\Framework\Graphics For Games\Debug\vc120.pdb'; linking object as if no debug info
         Tutorial5.vcxproj -> D:\WORK\4_GraphicsFramework\Graphics\Framework\Graphics For Games\Debug\Test_05_ScissorsAndStencils.exe
     1>Done Building Project "D:\WORK\4_GraphicsFramework\Graphics\Framework\Graphics For Games\5) Stencils & Scissors\Tutorial5.vcxproj" (Rebuild target(s)).

Build succeeded.

Time Elapsed 00:00:02.18
